1528487160908	geckodriver	INFO	geckodriver 0.20.1
1528487160913	geckodriver	INFO	Listening on 127.0.0.1:46939
1528487161923	mozrunner::runner	INFO	Running command: "/usr/bin/firefox" "-marionette" "-profile" "/tmp/rust_mozprofile.jGhZ8Y5qCRfG"
1528487168611	Marionette	INFO	Listening on port 37763
1528487168733	Marionette	WARN	TLS certificate errors will be ignored for this session
JavaScript error: https://fbsbx.com/captcha/recaptcha/iframe/?referer=https%3A%2F%2Fwww.facebook.com, line 1: TypeError: o is null
JavaScript error: https://fbsbx.com/captcha/recaptcha/iframe/?referer=https%3A%2F%2Fwww.facebook.com, line 1: TypeError: o is null
1528487384198	geckodriver	INFO	geckodriver 0.20.1
1528487384207	geckodriver	INFO	Listening on 127.0.0.1:55993
1528487384299	mozrunner::runner	INFO	Running command: "/usr/bin/firefox" "-marionette" "-profile" "/tmp/rust_mozprofile.OwYHxwZKQwpd"
1528487392965	Marionette	INFO	Listening on port 37063
1528487393128	Marionette	WARN	TLS certificate errors will be ignored for this session
1528487560208	geckodriver	INFO	geckodriver 0.20.1
1528487560217	geckodriver	INFO	Listening on 127.0.0.1:59237
1528487561250	mozrunner::runner	INFO	Running command: "/usr/bin/firefox" "-marionette" "-profile" "/tmp/rust_mozprofile.eEXSu1aGFlKL"
1528487567986	Marionette	INFO	Listening on port 46649
1528487568018	Marionette	WARN	TLS certificate errors will be ignored for this session
ATTENTION: default value of option force_s3tc_enable overridden by environment.
1528487702347	geckodriver	INFO	geckodriver 0.20.1
1528487702479	geckodriver	INFO	Listening on 127.0.0.1:47641
1528487703492	mozrunner::runner	INFO	Running command: "/usr/bin/firefox" "-marionette" "-profile" "/tmp/rust_mozprofile.xjfoN18AiOjW"
1528487712777	Marionette	INFO	Listening on port 42299
1528487712834	Marionette	WARN	TLS certificate errors will be ignored for this session
ATTENTION: default value of option force_s3tc_enable overridden by environment.
1528487825773	geckodriver	INFO	geckodriver 0.20.1
1528487825832	geckodriver	INFO	Listening on 127.0.0.1:44599
1528487826795	mozrunner::runner	INFO	Running command: "/usr/bin/firefox" "-marionette" "-profile" "/tmp/rust_mozprofile.5rcovor4kns4"
1528487840642	Marionette	INFO	Listening on port 39835
1528487840655	Marionette	WARN	TLS certificate errors will be ignored for this session
ATTENTION: default value of option force_s3tc_enable overridden by environment.
1528487990803	geckodriver	INFO	geckodriver 0.20.1
1528487990959	geckodriver	INFO	Listening on 127.0.0.1:44007
1528487992035	mozrunner::runner	INFO	Running command: "/usr/bin/firefox" "-marionette" "-profile" "/tmp/rust_mozprofile.lhUlMmAKPa4X"
IPDL protocol error: Handler returned error code!

###!!! [Parent][DispatchAsyncMessage] Error: PLayerTransaction::Msg_ReleaseLayer Processing error: message was deserialized, but the handler returned false (indicating failure)

IPDL protocol error: Handler returned error code!

###!!! [Parent][DispatchAsyncMessage] Error: PLayerTransaction::Msg_ReleaseLayer Processing error: message was deserialized, but the handler returned false (indicating failure)

Handler function NetworkEventActorProxy.addSecurityInfo threw an exception: [Exception... "Component returned failure code: 0xc1f30001 (NS_ERROR_NOT_INITIALIZED) [nsIMessageSender.sendAsyncMessage]"  nsresult: "0xc1f30001 (NS_ERROR_NOT_INITIALIZED)"  location: "JS frame :: resource://devtools/shared/base-loader.js -> resource://devtools/shared/webconsole/network-monitor.js :: NetworkEventActorProxy.methodFactory/< :: line 1875"  data: no]
Stack: NetworkEventActorProxy.methodFactory/<@resource://devtools/shared/base-loader.js -> resource://devtools/shared/webconsole/network-monitor.js:1875:5
exports.makeInfallible/<@resource://devtools/shared/base-loader.js -> resource://devtools/shared/ThreadSafeDevToolsUtils.js:109:14
NetworkResponseListener.prototype._getSecurityInfo<@resource://devtools/shared/base-loader.js -> resource://devtools/shared/webconsole/network-monitor.js:521:5
exports.makeInfallible/<@resource://devtools/shared/base-loader.js -> resource://devtools/shared/ThreadSafeDevToolsUtils.js:109:14
onStartRequest@resource://devtools/shared/base-loader.js -> resource://devtools/shared/webconsole/network-monitor.js:441:5
Line: 1875, column: 0
console.error: "Handler function NetworkEventActorProxy.addSecurityInfo threw an exception: [Exception... \"Component returned failure code: 0xc1f30001 (NS_ERROR_NOT_INITIALIZED) [nsIMessageSender.sendAsyncMessage]\"  nsresult: \"0xc1f30001 (NS_ERROR_NOT_INITIALIZED)\"  location: \"JS frame :: resource://devtools/shared/base-loader.js -> resource://devtools/shared/webconsole/network-monitor.js :: NetworkEventActorProxy.methodFactory/< :: line 1875\"  data: no]\nStack: NetworkEventActorProxy.methodFactory/<@resource://devtools/shared/base-loader.js -> resource://devtools/shared/webconsole/network-monitor.js:1875:5\nexports.makeInfallible/<@resource://devtools/shared/base-loader.js -> resource://devtools/shared/ThreadSafeDevToolsUtils.js:109:14\nNetworkResponseListener.prototype._getSecurityInfo<@resource://devtools/shared/base-loader.js -> resource://devtools/shared/webconsole/network-monitor.js:521:5\nexports.makeInfallible/<@resource://devtools/shared/base-loader.js -> resource://devtools/shared/ThreadSafeDevToolsUtils.js:109:14\nonStartRequest@resource://devtools/shared/base-loader.js -> resource://devtools/shared/webconsole/network-monitor.js:441:5\nLine: 1875, column: 0"
Handler function NetworkEventActorProxy.addResponseContent threw an exception: [Exception... "Component returned failure code: 0xc1f30001 (NS_ERROR_NOT_INITIALIZED) [nsIMessageSender.sendAsyncMessage]"  nsresult: "0xc1f30001 (NS_ERROR_NOT_INITIALIZED)"  location: "JS frame :: resource://devtools/shared/base-loader.js -> resource://devtools/shared/webconsole/network-monitor.js :: NetworkEventActorProxy.methodFactory/< :: line 1875"  data: no]
Stack: NetworkEventActorProxy.methodFactory/<@resource://devtools/shared/base-loader.js -> resource://devtools/shared/webconsole/network-monitor.js:1875:5
exports.makeInfallible/<@resource://devtools/shared/base-loader.js -> resource://devtools/shared/ThreadSafeDevToolsUtils.js:109:14
_onComplete@resource://devtools/shared/base-loader.js -> resource://devtools/shared/webconsole/network-monitor.js:651:5
onStreamClose@resource://devtools/shared/base-loader.js -> resource://devtools/shared/webconsole/network-monitor.js:608:7
onInputStreamReady@resource://devtools/shared/base-loader.js -> resource://devtools/shared/webconsole/network-monitor.js:702:7
Line: 1875, column: 0
console.error: "Handler function NetworkEventActorProxy.addResponseContent threw an exception: [Exception... \"Component returned failure code: 0xc1f30001 (NS_ERROR_NOT_INITIALIZED) [nsIMessageSender.sendAsyncMessage]\"  nsresult: \"0xc1f30001 (NS_ERROR_NOT_INITIALIZED)\"  location: \"JS frame :: resource://devtools/shared/base-loader.js -> resource://devtools/shared/webconsole/network-monitor.js :: NetworkEventActorProxy.methodFactory/< :: line 1875\"  data: no]\nStack: NetworkEventActorProxy.methodFactory/<@resource://devtools/shared/base-loader.js -> resource://devtools/shared/webconsole/network-monitor.js:1875:5\nexports.makeInfallible/<@resource://devtools/shared/base-loader.js -> resource://devtools/shared/ThreadSafeDevToolsUtils.js:109:14\n_onComplete@resource://devtools/shared/base-loader.js -> resource://devtools/shared/webconsole/network-monitor.js:651:5\nonStreamClose@resource://devtools/shared/base-loader.js -> resource://devtools/shared/webconsole/network-monitor.js:608:7\nonInputStreamReady@resource://devtools/shared/base-loader.js -> resource://devtools/shared/webconsole/network-monitor.js:702:7\nLine: 1875, column: 0"

###!!! [Child][RunMessage] Error: Channel closing: too late to send/recv, messages will be lost

1528488003502	Marionette	INFO	Listening on port 44035
1528488003596	Marionette	WARN	TLS certificate errors will be ignored for this session
ATTENTION: default value of option force_s3tc_enable overridden by environment.
1528488037481	geckodriver	INFO	geckodriver 0.20.1
1528488037487	geckodriver	INFO	Listening on 127.0.0.1:52901
1528488037492	mozrunner::runner	INFO	Running command: "/usr/bin/firefox" "-marionette" "-profile" "/tmp/rust_mozprofile.m4yNXM68eKgy"
1528488043032	Marionette	INFO	Listening on port 40779
1528488043112	Marionette	WARN	TLS certificate errors will be ignored for this session
ATTENTION: default value of option force_s3tc_enable overridden by environment.

###!!! [Parent][RunMessage] Error: Channel closing: too late to send/recv, messages will be lost


###!!! [Parent][RunMessage] Error: Channel closing: too late to send/recv, messages will be lost


###!!! [Parent][RunMessage] Error: Channel closing: too late to send/recv, messages will be lost


###!!! [Parent][RunMessage] Error: Channel closing: too late to send/recv, messages will be lost

1528488383979	geckodriver	INFO	geckodriver 0.20.1
1528488384000	geckodriver	INFO	Listening on 127.0.0.1:44829
1528488384147	mozrunner::runner	INFO	Running command: "/usr/bin/firefox" "-marionette" "-profile" "/tmp/rust_mozprofile.NbUuHzvn8Jq9"
1528488393126	Marionette	INFO	Listening on port 46175
1528488393448	Marionette	WARN	TLS certificate errors will be ignored for this session
ATTENTION: default value of option force_s3tc_enable overridden by environment.
